Index: 0	Employee Id: M1234
Index: 1	Employee Id: P2833
Index: 2	Employee Id: T5767
Index: 3	Employee Id: P2398
Index: 4	Employee Id: T5135
Index: 5	Employee Id: S3002
Index: 6	Employee Id: A4601
Index: 7	Employee Id: A4109
Index: 8	Employee Id: M1091
Index: 9	Employee Id: A4775
Index: 10	Employee Id: P2091
Index: 11	Employee Id: M1009
Index: 12	Employee Id: S3881
Index: 13	Employee Id: P2666
Index: 14	Employee Id: P2787
Index: 15	Employee Id: S3111
Index: 16	Employee Id: T5510
Index: 17	Employee Id: P2335
Index: 18	Employee Id: P2001
Index: 19	Employee Id: A4568
Index: 20	Employee Id: T5285
Index: 21	Employee Id: M1818
Index: 22	Employee Id: T5901
Index: 23	Employee Id: P2468
Index: 24	Employee Id: S3731

