M1234		Troy	Williams		Manager		126780.0
P2833		Roberta	James		Programmer		96231.0
T5767		Karl	Matthews		Trainee		17911.75
P2398		Rhea	Thompson		Programmer		87506.0
T5135		Donna	Arnold		Trainee		28260.25
S3002		James	Smith		Sales		46016.5
A4601		Robert	Trainer		Assistant		38016.0
A4109		William	Yee		Assistant		40026.0
M1091		Susan	Donaldson		Manager		141345.0
A4775		James	Smith		Assistant		39102.0
P2091		Denice	Douglas		Programmer		56103.0
M1009		Dave	Bowman		Manager		98909.0
S3881		Reginold	Farley		Sales		48991.5
P2666		Bruce	Thomas		Programmer		92009.0
P2787		Allison	Wren		Programmer		65109.0
S3111		Carla	Brown		Sales		52014.0
T5510		James	Hughes		Trainee		23018.5
P2335		Barbara	Thompson		Programmer		78991.0
P2001		Woody	Allen		Programmer		82103.0
A4568		Grace	Kelly		Assistant		40989.0
T5285		James	Bond		Trainee		29610.75
M1818		Nicole	Kidman		Manager		150021.0
T5901		Steve	Martin		Trainee		14090.25
P2468		Thomas	Cruise		Programmer		67014.0
HR2762		Waller	Amanda		Human Resource		200.0
PM2323		Willie-Pepple	Excellent		Project Manager		9138.0

